0 info it worked if it ends with ok
1 verbose cli [ '/home/mari/.nvm/versions/node/v7.0.0/bin/node',
1 verbose cli   '/home/mari/.nvm/versions/node/v7.0.0/bin/npm',
1 verbose cli   'run',
1 verbose cli   'webpack' ]
2 info using npm@3.10.8
3 info using node@v7.0.0
4 verbose run-script [ 'prewebpack', 'webpack', 'postwebpack' ]
5 info lifecycle djangoreact@1.0.0~prewebpack: djangoreact@1.0.0
6 silly lifecycle djangoreact@1.0.0~prewebpack: no script for prewebpack, continuing
7 info lifecycle djangoreact@1.0.0~webpack: djangoreact@1.0.0
8 verbose lifecycle djangoreact@1.0.0~webpack: unsafe-perm in lifecycle true
9 verbose lifecycle djangoreact@1.0.0~webpack: PATH: /home/mari/.nvm/versions/node/v7.0.0/lib/node_modules/npm/bin/node-gyp-bin:/home/mari/code/web/django/djangoreact/node_modules/.bin:/home/mari/code/web/django/djangoreact/djr_env/bin:/home/mari/.nvm/versions/node/v7.0.0/bin:/home/mari/.rvm/gems/ruby-2.3.1/bin:/home/mari/.rvm/gems/ruby-2.3.1@global/bin:/home/mari/.rvm/rubies/ruby-2.3.1/bin:/home/mari/bin:/usr/local/sbin:/usr/local/bin:/usr/sbin:/usr/bin:/sbin:/bin:/usr/games:/usr/local/games:/snap/bin:/usr/lib/jvm/java-8-oracle/bin:/usr/lib/jvm/java-8-oracle/db/bin:/usr/lib/jvm/java-8-oracle/jre/bin:/home/mari/.rvm/bin:/home/mari/Android/Sdk/tools
10 verbose lifecycle djangoreact@1.0.0~webpack: CWD: /home/mari/code/web/django/djangoreact
11 silly lifecycle djangoreact@1.0.0~webpack: Args: [ '-c',
11 silly lifecycle   'webpack --progress --display-error-details --config webpack.config.js --watch' ]
12 silly lifecycle djangoreact@1.0.0~webpack: Returned: code: 143  signal: null
13 info lifecycle djangoreact@1.0.0~webpack: Failed to exec webpack script
14 verbose stack Error: djangoreact@1.0.0 webpack: `webpack --progress --display-error-details --config webpack.config.js --watch`
14 verbose stack Exit status 143
14 verbose stack     at EventEmitter.<anonymous> (/home/mari/.nvm/versions/node/v7.0.0/lib/node_modules/npm/lib/utils/lifecycle.js:255:16)
14 verbose stack     at emitTwo (events.js:106:13)
14 verbose stack     at EventEmitter.emit (events.js:191:7)
14 verbose stack     at ChildProcess.<anonymous> (/home/mari/.nvm/versions/node/v7.0.0/lib/node_modules/npm/lib/utils/spawn.js:40:14)
14 verbose stack     at emitTwo (events.js:106:13)
14 verbose stack     at ChildProcess.emit (events.js:191:7)
14 verbose stack     at maybeClose (internal/child_process.js:877:16)
14 verbose stack     at Process.ChildProcess._handle.onexit (internal/child_process.js:226:5)
15 verbose pkgid djangoreact@1.0.0
16 verbose cwd /home/mari/code/web/django/djangoreact
17 error Linux 4.4.0-97-generic
18 error argv "/home/mari/.nvm/versions/node/v7.0.0/bin/node" "/home/mari/.nvm/versions/node/v7.0.0/bin/npm" "run" "webpack"
19 error node v7.0.0
20 error npm  v3.10.8
21 error code ELIFECYCLE
22 error djangoreact@1.0.0 webpack: `webpack --progress --display-error-details --config webpack.config.js --watch`
22 error Exit status 143
23 error Failed at the djangoreact@1.0.0 webpack script 'webpack --progress --display-error-details --config webpack.config.js --watch'.
23 error Make sure you have the latest version of node.js and npm installed.
23 error If you do, this is most likely a problem with the djangoreact package,
23 error not with npm itself.
23 error Tell the author that this fails on your system:
23 error     webpack --progress --display-error-details --config webpack.config.js --watch
23 error You can get information on how to open an issue for this project with:
23 error     npm bugs djangoreact
23 error Or if that isn't available, you can get their info via:
23 error     npm owner ls djangoreact
23 error There is likely additional logging output above.
24 verbose exit [ 1, true ]
